[1.032s] Invoking command in '/home/viethung/ros2_ws/src/my_robot': PYTHONPATH=/home/viethung/ros2_ws/build/my_robot/prefix_override:/usr/lib/python3/dist-packages/colcon_core/task/python/colcon_distutils_commands:/home/viethung/ros2_ws/install/my_robot/lib/python3.10/site-packages:${PYTHONPATH} /usr/bin/python3 -W ignore:setup.py install is deprecated -W ignore:easy_install command is deprecated setup.py egg_info --egg-base ../../build/my_robot build --build-base /home/viethung/ros2_ws/build/my_robot/build install --record /home/viethung/ros2_ws/build/my_robot/install.log --single-version-externally-managed install_data
[1.409s] running egg_info
[1.410s] writing ../../build/my_robot/my_robot.egg-info/PKG-INFO
[1.410s] writing dependency_links to ../../build/my_robot/my_robot.egg-info/dependency_links.txt
[1.411s] writing entry points to ../../build/my_robot/my_robot.egg-info/entry_points.txt
[1.411s] writing requirements to ../../build/my_robot/my_robot.egg-info/requires.txt
[1.411s] writing top-level names to ../../build/my_robot/my_robot.egg-info/top_level.txt
[1.415s] reading manifest file '../../build/my_robot/my_robot.egg-info/SOURCES.txt'
[1.416s] writing manifest file '../../build/my_robot/my_robot.egg-info/SOURCES.txt'
[1.416s] running build
[1.417s] running build_py
[1.417s] running install
[1.418s] running install_lib
[1.420s] running install_data
[1.420s] copying launch/robot.launch.py -> /home/viethung/ros2_ws/install/my_robot/share/my_robot/launch
[1.420s] running install_egg_info
[1.423s] removing '/home/viethung/ros2_ws/install/my_robot/lib/python3.10/site-packages/my_robot-0.0.0-py3.10.egg-info' (and everything under it)
[1.423s] Copying ../../build/my_robot/my_robot.egg-info to /home/viethung/ros2_ws/install/my_robot/lib/python3.10/site-packages/my_robot-0.0.0-py3.10.egg-info
[1.425s] running install_scripts
[1.454s] Installing camera_node script to /home/viethung/ros2_ws/install/my_robot/lib/my_robot
[1.454s] Installing uart_node script to /home/viethung/ros2_ws/install/my_robot/lib/my_robot
[1.455s] writing list of installed files to '/home/viethung/ros2_ws/build/my_robot/install.log'
[1.490s] Invoked command in '/home/viethung/ros2_ws/src/my_robot' returned '0': PYTHONPATH=/home/viethung/ros2_ws/build/my_robot/prefix_override:/usr/lib/python3/dist-packages/colcon_core/task/python/colcon_distutils_commands:/home/viethung/ros2_ws/install/my_robot/lib/python3.10/site-packages:${PYTHONPATH} /usr/bin/python3 -W ignore:setup.py install is deprecated -W ignore:easy_install command is deprecated setup.py egg_info --egg-base ../../build/my_robot build --build-base /home/viethung/ros2_ws/build/my_robot/build install --record /home/viethung/ros2_ws/build/my_robot/install.log --single-version-externally-managed install_data
