running egg_info
writing ../../build/my_robot/my_robot.egg-info/PKG-INFO
writing dependency_links to ../../build/my_robot/my_robot.egg-info/dependency_links.txt
writing entry points to ../../build/my_robot/my_robot.egg-info/entry_points.txt
writing requirements to ../../build/my_robot/my_robot.egg-info/requires.txt
writing top-level names to ../../build/my_robot/my_robot.egg-info/top_level.txt
reading manifest file '../../build/my_robot/my_robot.egg-info/SOURCES.txt'
writing manifest file '../../build/my_robot/my_robot.egg-info/SOURCES.txt'
running build
running build_py
copying my_robot/camera_node.py -> /home/viethung/Downloads/robot_follow_lane/raspi2_ws/build/my_robot/build/lib/my_robot
running install
running install_lib
copying /home/viethung/Downloads/robot_follow_lane/raspi2_ws/build/my_robot/build/lib/my_robot/camera_node.py -> /home/viethung/Downloads/robot_follow_lane/raspi2_ws/install/my_robot/lib/python3.10/site-packages/my_robot
byte-compiling /home/viethung/Downloads/robot_follow_lane/raspi2_ws/install/my_robot/lib/python3.10/site-packages/my_robot/camera_node.py to camera_node.cpython-310.pyc
running install_data
copying launch/robot.launch.py -> /home/viethung/Downloads/robot_follow_lane/raspi2_ws/install/my_robot/share/my_robot/launch
running install_egg_info
removing '/home/viethung/Downloads/robot_follow_lane/raspi2_ws/install/my_robot/lib/python3.10/site-packages/my_robot-0.0.0-py3.10.egg-info' (and everything under it)
Copying ../../build/my_robot/my_robot.egg-info to /home/viethung/Downloads/robot_follow_lane/raspi2_ws/install/my_robot/lib/python3.10/site-packages/my_robot-0.0.0-py3.10.egg-info
running install_scripts
Installing camera_node script to /home/viethung/Downloads/robot_follow_lane/raspi2_ws/install/my_robot/lib/my_robot
Installing uart_node script to /home/viethung/Downloads/robot_follow_lane/raspi2_ws/install/my_robot/lib/my_robot
writing list of installed files to '/home/viethung/Downloads/robot_follow_lane/raspi2_ws/build/my_robot/install.log'
