[1.142s] Invoking command in '/home/viethung/Downloads/robot_follow_lane/raspi2_ws/src/my_robot': PYTHONPATH=/home/viethung/Downloads/robot_follow_lane/raspi2_ws/build/my_robot/prefix_override:/usr/lib/python3/dist-packages/colcon_core/task/python/colcon_distutils_commands:/home/viethung/Downloads/robot_follow_lane/raspi2_ws/install/my_robot/lib/python3.10/site-packages:${PYTHONPATH} /usr/bin/python3 -W ignore:setup.py install is deprecated -W ignore:easy_install command is deprecated setup.py egg_info --egg-base ../../build/my_robot build --build-base /home/viethung/Downloads/robot_follow_lane/raspi2_ws/build/my_robot/build install --record /home/viethung/Downloads/robot_follow_lane/raspi2_ws/build/my_robot/install.log --single-version-externally-managed install_data
[1.538s] running egg_info
[1.539s] writing ../../build/my_robot/my_robot.egg-info/PKG-INFO
[1.552s] writing dependency_links to ../../build/my_robot/my_robot.egg-info/dependency_links.txt
[1.552s] writing entry points to ../../build/my_robot/my_robot.egg-info/entry_points.txt
[1.552s] writing requirements to ../../build/my_robot/my_robot.egg-info/requires.txt
[1.553s] writing top-level names to ../../build/my_robot/my_robot.egg-info/top_level.txt
[1.556s] reading manifest file '../../build/my_robot/my_robot.egg-info/SOURCES.txt'
[1.559s] writing manifest file '../../build/my_robot/my_robot.egg-info/SOURCES.txt'
[1.559s] running build
[1.559s] running build_py
[1.560s] copying my_robot/camera_node.py -> /home/viethung/Downloads/robot_follow_lane/raspi2_ws/build/my_robot/build/lib/my_robot
[1.561s] running install
[1.561s] running install_lib
[1.564s] copying /home/viethung/Downloads/robot_follow_lane/raspi2_ws/build/my_robot/build/lib/my_robot/camera_node.py -> /home/viethung/Downloads/robot_follow_lane/raspi2_ws/install/my_robot/lib/python3.10/site-packages/my_robot
[1.565s] byte-compiling /home/viethung/Downloads/robot_follow_lane/raspi2_ws/install/my_robot/lib/python3.10/site-packages/my_robot/camera_node.py to camera_node.cpython-310.pyc
[1.567s] running install_data
[1.568s] copying launch/robot.launch.py -> /home/viethung/Downloads/robot_follow_lane/raspi2_ws/install/my_robot/share/my_robot/launch
[1.568s] running install_egg_info
[1.572s] removing '/home/viethung/Downloads/robot_follow_lane/raspi2_ws/install/my_robot/lib/python3.10/site-packages/my_robot-0.0.0-py3.10.egg-info' (and everything under it)
[1.573s] Copying ../../build/my_robot/my_robot.egg-info to /home/viethung/Downloads/robot_follow_lane/raspi2_ws/install/my_robot/lib/python3.10/site-packages/my_robot-0.0.0-py3.10.egg-info
[1.575s] running install_scripts
[1.606s] Installing camera_node script to /home/viethung/Downloads/robot_follow_lane/raspi2_ws/install/my_robot/lib/my_robot
[1.606s] Installing uart_node script to /home/viethung/Downloads/robot_follow_lane/raspi2_ws/install/my_robot/lib/my_robot
[1.607s] writing list of installed files to '/home/viethung/Downloads/robot_follow_lane/raspi2_ws/build/my_robot/install.log'
[1.644s] Invoked command in '/home/viethung/Downloads/robot_follow_lane/raspi2_ws/src/my_robot' returned '0': PYTHONPATH=/home/viethung/Downloads/robot_follow_lane/raspi2_ws/build/my_robot/prefix_override:/usr/lib/python3/dist-packages/colcon_core/task/python/colcon_distutils_commands:/home/viethung/Downloads/robot_follow_lane/raspi2_ws/install/my_robot/lib/python3.10/site-packages:${PYTHONPATH} /usr/bin/python3 -W ignore:setup.py install is deprecated -W ignore:easy_install command is deprecated setup.py egg_info --egg-base ../../build/my_robot build --build-base /home/viethung/Downloads/robot_follow_lane/raspi2_ws/build/my_robot/build install --record /home/viethung/Downloads/robot_follow_lane/raspi2_ws/build/my_robot/install.log --single-version-externally-managed install_data
