running egg_info
creating ../../build/brain_pkg/brain_pkg.egg-info
writing ../../build/brain_pkg/brain_pkg.egg-info/PKG-INFO
writing dependency_links to ../../build/brain_pkg/brain_pkg.egg-info/dependency_links.txt
writing entry points to ../../build/brain_pkg/brain_pkg.egg-info/entry_points.txt
writing requirements to ../../build/brain_pkg/brain_pkg.egg-info/requires.txt
writing top-level names to ../../build/brain_pkg/brain_pkg.egg-info/top_level.txt
writing manifest file '../../build/brain_pkg/brain_pkg.egg-info/SOURCES.txt'
reading manifest file '../../build/brain_pkg/brain_pkg.egg-info/SOURCES.txt'
writing manifest file '../../build/brain_pkg/brain_pkg.egg-info/SOURCES.txt'
running build
running build_py
creating /home/tdun/robot1_ws/build/brain_pkg/build
creating /home/tdun/robot1_ws/build/brain_pkg/build/lib
creating /home/tdun/robot1_ws/build/brain_pkg/build/lib/brain_pkg
copying brain_pkg/vision_node.py -> /home/tdun/robot1_ws/build/brain_pkg/build/lib/brain_pkg
copying brain_pkg/navigation_node.py -> /home/tdun/robot1_ws/build/brain_pkg/build/lib/brain_pkg
copying brain_pkg/__init__.py -> /home/tdun/robot1_ws/build/brain_pkg/build/lib/brain_pkg
running install
running install_lib
creating /home/tdun/robot1_ws/install/brain_pkg/lib/python3.10/site-packages/brain_pkg
copying /home/tdun/robot1_ws/build/brain_pkg/build/lib/brain_pkg/vision_node.py -> /home/tdun/robot1_ws/install/brain_pkg/lib/python3.10/site-packages/brain_pkg
copying /home/tdun/robot1_ws/build/brain_pkg/build/lib/brain_pkg/navigation_node.py -> /home/tdun/robot1_ws/install/brain_pkg/lib/python3.10/site-packages/brain_pkg
copying /home/tdun/robot1_ws/build/brain_pkg/build/lib/brain_pkg/__init__.py -> /home/tdun/robot1_ws/install/brain_pkg/lib/python3.10/site-packages/brain_pkg
byte-compiling /home/tdun/robot1_ws/install/brain_pkg/lib/python3.10/site-packages/brain_pkg/vision_node.py to vision_node.cpython-310.pyc
byte-compiling /home/tdun/robot1_ws/install/brain_pkg/lib/python3.10/site-packages/brain_pkg/navigation_node.py to navigation_node.cpython-310.pyc
byte-compiling /home/tdun/robot1_ws/install/brain_pkg/lib/python3.10/site-packages/brain_pkg/__init__.py to __init__.cpython-310.pyc
running install_data
creating /home/tdun/robot1_ws/install/brain_pkg/share
creating /home/tdun/robot1_ws/install/brain_pkg/share/ament_index
creating /home/tdun/robot1_ws/install/brain_pkg/share/ament_index/resource_index
creating /home/tdun/robot1_ws/install/brain_pkg/share/ament_index/resource_index/packages
copying resource/brain_pkg -> /home/tdun/robot1_ws/install/brain_pkg/share/ament_index/resource_index/packages
creating /home/tdun/robot1_ws/install/brain_pkg/share/brain_pkg
copying package.xml -> /home/tdun/robot1_ws/install/brain_pkg/share/brain_pkg
running install_egg_info
Copying ../../build/brain_pkg/brain_pkg.egg-info to /home/tdun/robot1_ws/install/brain_pkg/lib/python3.10/site-packages/brain_pkg-0.0.0-py3.10.egg-info
running install_scripts
writing list of installed files to '/home/tdun/robot1_ws/build/brain_pkg/install.log'
