running egg_info
writing ../../build/brain_pkg/brain_pkg.egg-info/PKG-INFO
writing dependency_links to ../../build/brain_pkg/brain_pkg.egg-info/dependency_links.txt
writing entry points to ../../build/brain_pkg/brain_pkg.egg-info/entry_points.txt
writing requirements to ../../build/brain_pkg/brain_pkg.egg-info/requires.txt
writing top-level names to ../../build/brain_pkg/brain_pkg.egg-info/top_level.txt
reading manifest file '../../build/brain_pkg/brain_pkg.egg-info/SOURCES.txt'
writing manifest file '../../build/brain_pkg/brain_pkg.egg-info/SOURCES.txt'
running build
running build_py
copying brain_pkg/vision_node.py -> /home/tdun/robot1_ws/build/brain_pkg/build/lib/brain_pkg
copying brain_pkg/navigation_node.py -> /home/tdun/robot1_ws/build/brain_pkg/build/lib/brain_pkg
running install
running install_lib
copying /home/tdun/robot1_ws/build/brain_pkg/build/lib/brain_pkg/vision_node.py -> /home/tdun/robot1_ws/install/brain_pkg/lib/python3.10/site-packages/brain_pkg
copying /home/tdun/robot1_ws/build/brain_pkg/build/lib/brain_pkg/navigation_node.py -> /home/tdun/robot1_ws/install/brain_pkg/lib/python3.10/site-packages/brain_pkg
byte-compiling /home/tdun/robot1_ws/install/brain_pkg/lib/python3.10/site-packages/brain_pkg/vision_node.py to vision_node.cpython-310.pyc
byte-compiling /home/tdun/robot1_ws/install/brain_pkg/lib/python3.10/site-packages/brain_pkg/navigation_node.py to navigation_node.cpython-310.pyc
running install_data
running install_egg_info
removing '/home/tdun/robot1_ws/install/brain_pkg/lib/python3.10/site-packages/brain_pkg-0.0.0-py3.10.egg-info' (and everything under it)
Copying ../../build/brain_pkg/brain_pkg.egg-info to /home/tdun/robot1_ws/install/brain_pkg/lib/python3.10/site-packages/brain_pkg-0.0.0-py3.10.egg-info
running install_scripts
Installing navigation script to /home/tdun/robot1_ws/install/brain_pkg/lib/brain_pkg
Installing vision script to /home/tdun/robot1_ws/install/brain_pkg/lib/brain_pkg
writing list of installed files to '/home/tdun/robot1_ws/build/brain_pkg/install.log'
