/home/viethung/ros2_ws/install/my_robot/lib/python3.10/site-packages/my_robot/base_controller.py
/home/viethung/ros2_ws/install/my_robot/lib/python3.10/site-packages/my_robot/__init__.py
/home/viethung/ros2_ws/install/my_robot/lib/python3.10/site-packages/my_robot/uart_node.py
/home/viethung/ros2_ws/install/my_robot/lib/python3.10/site-packages/my_robot/camera_node.py
/home/viethung/ros2_ws/install/my_robot/lib/python3.10/site-packages/my_robot/__pycache__/base_controller.cpython-310.pyc
/home/viethung/ros2_ws/install/my_robot/lib/python3.10/site-packages/my_robot/__pycache__/__init__.cpython-310.pyc
/home/viethung/ros2_ws/install/my_robot/lib/python3.10/site-packages/my_robot/__pycache__/uart_node.cpython-310.pyc
/home/viethung/ros2_ws/install/my_robot/lib/python3.10/site-packages/my_robot/__pycache__/camera_node.cpython-310.pyc
/home/viethung/ros2_ws/install/my_robot/share/ament_index/resource_index/packages/my_robot
/home/viethung/ros2_ws/install/my_robot/share/my_robot/package.xml
/home/viethung/ros2_ws/install/my_robot/share/my_robot/launch/robot.launch.py
/home/viethung/ros2_ws/install/my_robot/lib/python3.10/site-packages/my_robot-0.0.0-py3.10.egg-info/zip-safe
/home/viethung/ros2_ws/install/my_robot/lib/python3.10/site-packages/my_robot-0.0.0-py3.10.egg-info/dependency_links.txt
/home/viethung/ros2_ws/install/my_robot/lib/python3.10/site-packages/my_robot-0.0.0-py3.10.egg-info/entry_points.txt
/home/viethung/ros2_ws/install/my_robot/lib/python3.10/site-packages/my_robot-0.0.0-py3.10.egg-info/SOURCES.txt
/home/viethung/ros2_ws/install/my_robot/lib/python3.10/site-packages/my_robot-0.0.0-py3.10.egg-info/requires.txt
/home/viethung/ros2_ws/install/my_robot/lib/python3.10/site-packages/my_robot-0.0.0-py3.10.egg-info/top_level.txt
/home/viethung/ros2_ws/install/my_robot/lib/python3.10/site-packages/my_robot-0.0.0-py3.10.egg-info/PKG-INFO
/home/viethung/ros2_ws/install/my_robot/lib/my_robot/camera_node
/home/viethung/ros2_ws/install/my_robot/lib/my_robot/uart_node
