[1.033s] Invoking command in '/home/viethung/Downloads/robot_follow_lane/robot1_ws/src/brain_pkg': PYTHONPATH=/home/viethung/Downloads/robot_follow_lane/robot1_ws/build/brain_pkg/prefix_override:/usr/lib/python3/dist-packages/colcon_core/task/python/colcon_distutils_commands:/home/viethung/Downloads/robot_follow_lane/robot1_ws/install/brain_pkg/lib/python3.10/site-packages:${PYTHONPATH} /usr/bin/python3 -W ignore:setup.py install is deprecated -W ignore:easy_install command is deprecated setup.py egg_info --egg-base ../../build/brain_pkg build --build-base /home/viethung/Downloads/robot_follow_lane/robot1_ws/build/brain_pkg/build install --record /home/viethung/Downloads/robot_follow_lane/robot1_ws/build/brain_pkg/install.log --single-version-externally-managed install_data
[1.423s] running egg_info
[1.424s] writing ../../build/brain_pkg/brain_pkg.egg-info/PKG-INFO
[1.424s] writing dependency_links to ../../build/brain_pkg/brain_pkg.egg-info/dependency_links.txt
[1.424s] writing entry points to ../../build/brain_pkg/brain_pkg.egg-info/entry_points.txt
[1.425s] writing requirements to ../../build/brain_pkg/brain_pkg.egg-info/requires.txt
[1.425s] writing top-level names to ../../build/brain_pkg/brain_pkg.egg-info/top_level.txt
[1.428s] reading manifest file '../../build/brain_pkg/brain_pkg.egg-info/SOURCES.txt'
[1.430s] writing manifest file '../../build/brain_pkg/brain_pkg.egg-info/SOURCES.txt'
[1.430s] running build
[1.430s] running build_py
[1.431s] running install
[1.432s] running install_lib
[1.434s] running install_data
[1.434s] running install_egg_info
[1.437s] removing '/home/viethung/Downloads/robot_follow_lane/robot1_ws/install/brain_pkg/lib/python3.10/site-packages/brain_pkg-0.0.0-py3.10.egg-info' (and everything under it)
[1.437s] Copying ../../build/brain_pkg/brain_pkg.egg-info to /home/viethung/Downloads/robot_follow_lane/robot1_ws/install/brain_pkg/lib/python3.10/site-packages/brain_pkg-0.0.0-py3.10.egg-info
[1.438s] running install_scripts
[1.470s] Installing navigation script to /home/viethung/Downloads/robot_follow_lane/robot1_ws/install/brain_pkg/lib/brain_pkg
[1.470s] Installing vision script to /home/viethung/Downloads/robot_follow_lane/robot1_ws/install/brain_pkg/lib/brain_pkg
[1.471s] writing list of installed files to '/home/viethung/Downloads/robot_follow_lane/robot1_ws/build/brain_pkg/install.log'
[1.510s] Invoked command in '/home/viethung/Downloads/robot_follow_lane/robot1_ws/src/brain_pkg' returned '0': PYTHONPATH=/home/viethung/Downloads/robot_follow_lane/robot1_ws/build/brain_pkg/prefix_override:/usr/lib/python3/dist-packages/colcon_core/task/python/colcon_distutils_commands:/home/viethung/Downloads/robot_follow_lane/robot1_ws/install/brain_pkg/lib/python3.10/site-packages:${PYTHONPATH} /usr/bin/python3 -W ignore:setup.py install is deprecated -W ignore:easy_install command is deprecated setup.py egg_info --egg-base ../../build/brain_pkg build --build-base /home/viethung/Downloads/robot_follow_lane/robot1_ws/build/brain_pkg/build install --record /home/viethung/Downloads/robot_follow_lane/robot1_ws/build/brain_pkg/install.log --single-version-externally-managed install_data
