running egg_info
creating ../../build/my_robot/my_robot.egg-info
writing ../../build/my_robot/my_robot.egg-info/PKG-INFO
writing dependency_links to ../../build/my_robot/my_robot.egg-info/dependency_links.txt
writing entry points to ../../build/my_robot/my_robot.egg-info/entry_points.txt
writing requirements to ../../build/my_robot/my_robot.egg-info/requires.txt
writing top-level names to ../../build/my_robot/my_robot.egg-info/top_level.txt
writing manifest file '../../build/my_robot/my_robot.egg-info/SOURCES.txt'
reading manifest file '../../build/my_robot/my_robot.egg-info/SOURCES.txt'
writing manifest file '../../build/my_robot/my_robot.egg-info/SOURCES.txt'
running build
running build_py
creating /home/viethung/ros2_ws/build/my_robot/build
creating /home/viethung/ros2_ws/build/my_robot/build/lib
creating /home/viethung/ros2_ws/build/my_robot/build/lib/my_robot
copying my_robot/base_controller.py -> /home/viethung/ros2_ws/build/my_robot/build/lib/my_robot
copying my_robot/__init__.py -> /home/viethung/ros2_ws/build/my_robot/build/lib/my_robot
copying my_robot/uart_node.py -> /home/viethung/ros2_ws/build/my_robot/build/lib/my_robot
copying my_robot/camera_node.py -> /home/viethung/ros2_ws/build/my_robot/build/lib/my_robot
running install
running install_lib
creating /home/viethung/ros2_ws/install/my_robot/lib/python3.10/site-packages/my_robot
copying /home/viethung/ros2_ws/build/my_robot/build/lib/my_robot/base_controller.py -> /home/viethung/ros2_ws/install/my_robot/lib/python3.10/site-packages/my_robot
copying /home/viethung/ros2_ws/build/my_robot/build/lib/my_robot/__init__.py -> /home/viethung/ros2_ws/install/my_robot/lib/python3.10/site-packages/my_robot
copying /home/viethung/ros2_ws/build/my_robot/build/lib/my_robot/uart_node.py -> /home/viethung/ros2_ws/install/my_robot/lib/python3.10/site-packages/my_robot
copying /home/viethung/ros2_ws/build/my_robot/build/lib/my_robot/camera_node.py -> /home/viethung/ros2_ws/install/my_robot/lib/python3.10/site-packages/my_robot
byte-compiling /home/viethung/ros2_ws/install/my_robot/lib/python3.10/site-packages/my_robot/base_controller.py to base_controller.cpython-310.pyc
byte-compiling /home/viethung/ros2_ws/install/my_robot/lib/python3.10/site-packages/my_robot/__init__.py to __init__.cpython-310.pyc
byte-compiling /home/viethung/ros2_ws/install/my_robot/lib/python3.10/site-packages/my_robot/uart_node.py to uart_node.cpython-310.pyc
byte-compiling /home/viethung/ros2_ws/install/my_robot/lib/python3.10/site-packages/my_robot/camera_node.py to camera_node.cpython-310.pyc
running install_data
creating /home/viethung/ros2_ws/install/my_robot/share/ament_index
creating /home/viethung/ros2_ws/install/my_robot/share/ament_index/resource_index
creating /home/viethung/ros2_ws/install/my_robot/share/ament_index/resource_index/packages
copying resource/my_robot -> /home/viethung/ros2_ws/install/my_robot/share/ament_index/resource_index/packages
copying package.xml -> /home/viethung/ros2_ws/install/my_robot/share/my_robot
creating /home/viethung/ros2_ws/install/my_robot/share/my_robot/launch
copying launch/robot.launch.py -> /home/viethung/ros2_ws/install/my_robot/share/my_robot/launch
running install_egg_info
Copying ../../build/my_robot/my_robot.egg-info to /home/viethung/ros2_ws/install/my_robot/lib/python3.10/site-packages/my_robot-0.0.0-py3.10.egg-info
running install_scripts
Installing camera_node script to /home/viethung/ros2_ws/install/my_robot/lib/my_robot
Installing uart_node script to /home/viethung/ros2_ws/install/my_robot/lib/my_robot
writing list of installed files to '/home/viethung/ros2_ws/build/my_robot/install.log'
