[0.551s] Invoking command in '/home/tdun/robot1_ws/src/brain_pkg': PYTHONPATH=/home/tdun/robot1_ws/build/brain_pkg/prefix_override:/usr/lib/python3/dist-packages/colcon_core/task/python/colcon_distutils_commands:/home/tdun/robot1_ws/install/brain_pkg/lib/python3.10/site-packages:${PYTHONPATH} /usr/bin/python3 -W ignore:setup.py install is deprecated -W ignore:easy_install command is deprecated setup.py egg_info --egg-base ../../build/brain_pkg build --build-base /home/tdun/robot1_ws/build/brain_pkg/build install --record /home/tdun/robot1_ws/build/brain_pkg/install.log --single-version-externally-managed install_data
[0.767s] running egg_info
[0.768s] writing ../../build/brain_pkg/brain_pkg.egg-info/PKG-INFO
[0.768s] writing dependency_links to ../../build/brain_pkg/brain_pkg.egg-info/dependency_links.txt
[0.768s] writing entry points to ../../build/brain_pkg/brain_pkg.egg-info/entry_points.txt
[0.768s] writing requirements to ../../build/brain_pkg/brain_pkg.egg-info/requires.txt
[0.768s] writing top-level names to ../../build/brain_pkg/brain_pkg.egg-info/top_level.txt
[0.770s] reading manifest file '../../build/brain_pkg/brain_pkg.egg-info/SOURCES.txt'
[0.771s] writing manifest file '../../build/brain_pkg/brain_pkg.egg-info/SOURCES.txt'
[0.771s] running build
[0.771s] running build_py
[0.771s] copying brain_pkg/vision_node.py -> /home/tdun/robot1_ws/build/brain_pkg/build/lib/brain_pkg
[0.771s] copying brain_pkg/navigation_node.py -> /home/tdun/robot1_ws/build/brain_pkg/build/lib/brain_pkg
[0.771s] running install
[0.772s] running install_lib
[0.772s] copying /home/tdun/robot1_ws/build/brain_pkg/build/lib/brain_pkg/vision_node.py -> /home/tdun/robot1_ws/install/brain_pkg/lib/python3.10/site-packages/brain_pkg
[0.772s] copying /home/tdun/robot1_ws/build/brain_pkg/build/lib/brain_pkg/navigation_node.py -> /home/tdun/robot1_ws/install/brain_pkg/lib/python3.10/site-packages/brain_pkg
[0.773s] byte-compiling /home/tdun/robot1_ws/install/brain_pkg/lib/python3.10/site-packages/brain_pkg/vision_node.py to vision_node.cpython-310.pyc
[0.774s] byte-compiling /home/tdun/robot1_ws/install/brain_pkg/lib/python3.10/site-packages/brain_pkg/navigation_node.py to navigation_node.cpython-310.pyc
[0.775s]   File "/home/tdun/robot1_ws/install/brain_pkg/lib/python3.10/site-packages/brain_pkg/navigation_node.py", line 147
[0.775s]     else:
[0.775s]     ^^^^
[0.776s] SyntaxError: invalid syntax
[0.776s] 
[0.776s] running install_data
[0.776s] copying package.xml -> /home/tdun/robot1_ws/install/brain_pkg/share/brain_pkg
[0.776s] running install_egg_info
[0.777s] removing '/home/tdun/robot1_ws/install/brain_pkg/lib/python3.10/site-packages/brain_pkg-0.0.0-py3.10.egg-info' (and everything under it)
[0.777s] Copying ../../build/brain_pkg/brain_pkg.egg-info to /home/tdun/robot1_ws/install/brain_pkg/lib/python3.10/site-packages/brain_pkg-0.0.0-py3.10.egg-info
[0.778s] running install_scripts
[0.795s] Installing navigation script to /home/tdun/robot1_ws/install/brain_pkg/lib/brain_pkg
[0.796s] Installing vision script to /home/tdun/robot1_ws/install/brain_pkg/lib/brain_pkg
[0.796s] writing list of installed files to '/home/tdun/robot1_ws/build/brain_pkg/install.log'
[0.818s] Invoked command in '/home/tdun/robot1_ws/src/brain_pkg' returned '0': PYTHONPATH=/home/tdun/robot1_ws/build/brain_pkg/prefix_override:/usr/lib/python3/dist-packages/colcon_core/task/python/colcon_distutils_commands:/home/tdun/robot1_ws/install/brain_pkg/lib/python3.10/site-packages:${PYTHONPATH} /usr/bin/python3 -W ignore:setup.py install is deprecated -W ignore:easy_install command is deprecated setup.py egg_info --egg-base ../../build/brain_pkg build --build-base /home/tdun/robot1_ws/build/brain_pkg/build install --record /home/tdun/robot1_ws/build/brain_pkg/install.log --single-version-externally-managed install_data
