[0.632s] Invoking command in '/home/tdun/robot1_ws/src/brain_pkg': PYTHONPATH=/home/tdun/robot1_ws/build/brain_pkg/prefix_override:/usr/lib/python3/dist-packages/colcon_core/task/python/colcon_distutils_commands:/home/tdun/robot1_ws/install/brain_pkg/lib/python3.10/site-packages:${PYTHONPATH} /usr/bin/python3 -W ignore:setup.py install is deprecated -W ignore:easy_install command is deprecated setup.py egg_info --egg-base ../../build/brain_pkg build --build-base /home/tdun/robot1_ws/build/brain_pkg/build install --record /home/tdun/robot1_ws/build/brain_pkg/install.log --single-version-externally-managed install_data
[0.845s] running egg_info
[0.845s] writing ../../build/brain_pkg/brain_pkg.egg-info/PKG-INFO
[0.846s] writing dependency_links to ../../build/brain_pkg/brain_pkg.egg-info/dependency_links.txt
[0.846s] writing entry points to ../../build/brain_pkg/brain_pkg.egg-info/entry_points.txt
[0.846s] writing requirements to ../../build/brain_pkg/brain_pkg.egg-info/requires.txt
[0.846s] writing top-level names to ../../build/brain_pkg/brain_pkg.egg-info/top_level.txt
[0.847s] reading manifest file '../../build/brain_pkg/brain_pkg.egg-info/SOURCES.txt'
[0.857s] writing manifest file '../../build/brain_pkg/brain_pkg.egg-info/SOURCES.txt'
[0.857s] running build
[0.857s] running build_py
[0.857s] copying brain_pkg/vision_node.py -> /home/tdun/robot1_ws/build/brain_pkg/build/lib/brain_pkg
[0.857s] copying brain_pkg/navigation_node.py -> /home/tdun/robot1_ws/build/brain_pkg/build/lib/brain_pkg
[0.858s] running install
[0.858s] running install_lib
[0.859s] copying /home/tdun/robot1_ws/build/brain_pkg/build/lib/brain_pkg/vision_node.py -> /home/tdun/robot1_ws/install/brain_pkg/lib/python3.10/site-packages/brain_pkg
[0.859s] copying /home/tdun/robot1_ws/build/brain_pkg/build/lib/brain_pkg/navigation_node.py -> /home/tdun/robot1_ws/install/brain_pkg/lib/python3.10/site-packages/brain_pkg
[0.860s] byte-compiling /home/tdun/robot1_ws/install/brain_pkg/lib/python3.10/site-packages/brain_pkg/vision_node.py to vision_node.cpython-310.pyc
[0.861s] byte-compiling /home/tdun/robot1_ws/install/brain_pkg/lib/python3.10/site-packages/brain_pkg/navigation_node.py to navigation_node.cpython-310.pyc
[0.862s] running install_data
[0.862s] running install_egg_info
[0.864s] removing '/home/tdun/robot1_ws/install/brain_pkg/lib/python3.10/site-packages/brain_pkg-0.0.0-py3.10.egg-info' (and everything under it)
[0.864s] Copying ../../build/brain_pkg/brain_pkg.egg-info to /home/tdun/robot1_ws/install/brain_pkg/lib/python3.10/site-packages/brain_pkg-0.0.0-py3.10.egg-info
[0.866s] running install_scripts
[0.884s] Installing navigation script to /home/tdun/robot1_ws/install/brain_pkg/lib/brain_pkg
[0.884s] Installing vision script to /home/tdun/robot1_ws/install/brain_pkg/lib/brain_pkg
[0.884s] writing list of installed files to '/home/tdun/robot1_ws/build/brain_pkg/install.log'
[0.907s] Invoked command in '/home/tdun/robot1_ws/src/brain_pkg' returned '0': PYTHONPATH=/home/tdun/robot1_ws/build/brain_pkg/prefix_override:/usr/lib/python3/dist-packages/colcon_core/task/python/colcon_distutils_commands:/home/tdun/robot1_ws/install/brain_pkg/lib/python3.10/site-packages:${PYTHONPATH} /usr/bin/python3 -W ignore:setup.py install is deprecated -W ignore:easy_install command is deprecated setup.py egg_info --egg-base ../../build/brain_pkg build --build-base /home/tdun/robot1_ws/build/brain_pkg/build install --record /home/tdun/robot1_ws/build/brain_pkg/install.log --single-version-externally-managed install_data
